<?xml version="1.0" encoding="UTF-8"?>
<!-- Generated by org.testng.reporters.JUnitReportReporter -->
<testsuite hostname="DESKTOP-SJ1BRTJ" failures="0" tests="1" name="Z_A_06_alerts.X_01_alerts_basics" time="8.140" errors="0" timestamp="2024-02-16T07:26:59 IST" skipped="0">
  <testcase classname="Z_A_06_alerts.X_01_alerts_basics" name="alerts_" time="8.140"/>
</testsuite> <!-- Z_A_06_alerts.X_01_alerts_basics -->
