<?xml version="1.0" encoding="UTF-8"?>
<!-- Generated by org.testng.reporters.JUnitReportReporter -->
<testsuite hostname="LAPTOP-QKC7DO6F" failures="0" tests="2" name="Z_90_testNG.me_14_listeners" time="0.010" errors="0" timestamp="2023-03-08T14:17:27 IST" skipped="0">
  <testcase classname="Z_90_testNG.me_14_listeners" name="homepageTest" time="0.008"/>
  <system-out/>
  <testcase classname="Z_90_testNG.me_14_listeners" name="productpagetest" time="0.002"/>
  <system-out/>
</testsuite> <!-- Z_90_testNG.me_14_listeners -->
