<?xml version="1.0" encoding="UTF-8"?>
<!-- Generated by org.testng.reporters.JUnitReportReporter -->
<testsuite hostname="DESKTOP-SJ1BRTJ" failures="0" tests="1" name="Z_A_08_screenshots.X_03_element_screenshot" time="4.365" errors="0" timestamp="2024-03-07T18:43:25 IST" skipped="0">
  <testcase classname="Z_A_08_screenshots.X_03_element_screenshot" name="testTakeScreenshot" time="4.365"/>
</testsuite> <!-- Z_A_08_screenshots.X_03_element_screenshot -->
