<?xml version="1.0" encoding="UTF-8"?>
<!-- Generated by org.testng.reporters.JUnitReportReporter -->
<testsuite hostname="LAPTOP-QKC7DO6F" failures="0" tests="3" name="Z_90_testNG.me_03_test_annotation_keyword" time="0.011" errors="0" timestamp="2023-03-05T07:59:56 IST" skipped="1">
  <testcase classname="Z_90_testNG.me_03_test_annotation_keyword" name="testC" time="0.010"/>
  <system-out/>
  <testcase classname="Z_90_testNG.me_03_test_annotation_keyword" name="testA" time="0.001"/>
  <system-out/>
  <testcase classname="Z_90_testNG.me_03_test_annotation_keyword" name="testB">
    <skipped/>
  </testcase> <!-- testB -->
  <system-out/>
</testsuite> <!-- Z_90_testNG.me_03_test_annotation_keyword -->
