<?xml version="1.0" encoding="UTF-8"?>
<!-- Generated by org.testng.reporters.JUnitReportReporter -->
<testsuite hostname="DESKTOP-SJ1BRTJ" failures="0" tests="1" name="Z_A_02_waits.X_01_implicit_wait" time="12.285" errors="0" timestamp="2024-01-30T22:26:35 IST" skipped="0">
  <testcase classname="Z_A_02_waits.X_01_implicit_wait" name="implicitWait" time="12.285"/>
</testsuite> <!-- Z_A_02_waits.X_01_implicit_wait -->
