<?xml version="1.0" encoding="UTF-8"?>
<!-- Generated by org.testng.reporters.JUnitReportReporter -->
<testsuite hostname="LAPTOP-QKC7DO6F" failures="0" tests="3" name="Z_90_testNG.me_13_data_providers" time="0.010" errors="0" timestamp="2023-03-08T09:25:57 IST" skipped="0">
  <testcase classname="Z_90_testNG.me_13_data_providers" name="loginTest" time="0.001"/>
  <system-out/>
  <testcase classname="Z_90_testNG.me_13_data_providers" name="loginTest" time="0.007"/>
  <system-out/>
  <testcase classname="Z_90_testNG.me_13_data_providers" name="loginTest" time="0.002"/>
  <system-out/>
</testsuite> <!-- Z_90_testNG.me_13_data_providers -->
