<?xml version="1.0" encoding="UTF-8"?>
<!-- Generated by org.testng.reporters.JUnitReportReporter -->
<testsuite hostname="DESKTOP-SJ1BRTJ" failures="0" tests="3" name="Z_21_Data_driven.printclass" time="0.011" errors="0" timestamp="2024-05-19T15:49:57 IST" skipped="0">
  <testcase classname="Z_21_Data_driven.printclass" name="print" time="0.002"/>
  <testcase classname="Z_21_Data_driven.printclass" name="print" time="0.008"/>
  <testcase classname="Z_21_Data_driven.printclass" name="print" time="0.001"/>
</testsuite> <!-- Z_21_Data_driven.printclass -->
