<?xml version="1.0" encoding="UTF-8"?>
<!-- Generated by org.testng.reporters.JUnitReportReporter -->
<testsuite hostname="DESKTOP-SJ1BRTJ" failures="0" tests="1" name="Z_96_waits.X_01_implicit_wait" time="11.348" errors="0" timestamp="2024-01-15T22:36:20 IST" skipped="0">
  <testcase classname="Z_96_waits.X_01_implicit_wait" name="test" time="11.348"/>
</testsuite> <!-- Z_96_waits.X_01_implicit_wait -->
