<?xml version="1.0" encoding="UTF-8"?>
<!-- Generated by org.testng.reporters.JUnitReportReporter -->
<testsuite hostname="DESKTOP-SJ1BRTJ" failures="0" tests="1" name="Z_90_testNG.me_04_group_keyword" time="0.012" errors="0" timestamp="2023-09-07T17:48:12 IST" skipped="0">
  <testcase classname="Z_90_testNG.me_04_group_keyword" name="testC" time="0.012"/>
</testsuite> <!-- Z_90_testNG.me_04_group_keyword -->
