<?xml version="1.0" encoding="UTF-8"?>
<!-- Generated by org.testng.reporters.JUnitReportReporter -->
<testsuite hostname="DESKTOP-SJ1BRTJ" failures="0" tests="1" name="Z_A_02_waits.X_03_fluent_wait" time="10.772" errors="0" timestamp="2024-01-30T23:20:32 IST" skipped="0">
  <testcase classname="Z_A_02_waits.X_03_fluent_wait" name="fluent_wait" time="10.772"/>
</testsuite> <!-- Z_A_02_waits.X_03_fluent_wait -->
