<?xml version="1.0" encoding="UTF-8"?>
<!-- Generated by org.testng.reporters.JUnitReportReporter -->
<testsuite hostname="DESKTOP-SJ1BRTJ" failures="0" tests="1" name="Z_97_drop_down_select_class.X_01_select_class" time="15.628" errors="0" timestamp="2024-01-10T23:15:50 IST" skipped="0">
  <testcase classname="Z_97_drop_down_select_class.X_01_select_class" name="test" time="15.628"/>
</testsuite> <!-- Z_97_drop_down_select_class.X_01_select_class -->
