<?xml version="1.0" encoding="UTF-8"?>
<!-- Generated by org.testng.reporters.JUnitReportReporter -->
<testsuite hostname="DESKTOP-SJ1BRTJ" failures="0" tests="2" name="Z_99_practice.X_27_different_test_annotation" time="0.012" errors="0" timestamp="2024-04-26T15:08:44 IST" skipped="0">
  <testcase classname="Z_99_practice.X_27_different_test_annotation" name="test2" time="0.004"/>
  <testcase classname="Z_99_practice.X_27_different_test_annotation" name="test1" time="0.008"/>
</testsuite> <!-- Z_99_practice.X_27_different_test_annotation -->
