<?xml version="1.0" encoding="UTF-8"?>
<!-- Generated by org.testng.reporters.JUnitReportReporter -->
<testsuite hostname="LAPTOP-QKC7DO6F" failures="0" tests="3" name="Z_90_testNG.me_02_2lecture" time="0.018" errors="0" timestamp="2023-03-04T15:15:15 IST" skipped="0">
  <testcase classname="Z_90_testNG.me_02_2lecture" name="testB" time="0.001"/>
  <system-out/>
  <testcase classname="Z_90_testNG.me_02_2lecture" name="testA" time="0.015"/>
  <system-out/>
  <testcase classname="Z_90_testNG.me_02_2lecture" name="testC" time="0.002"/>
  <system-out/>
</testsuite> <!-- Z_90_testNG.me_02_2lecture -->
