<?xml version="1.0" encoding="UTF-8"?>
<!-- Generated by org.testng.reporters.JUnitReportReporter -->
<testsuite hostname="DESKTOP-SJ1BRTJ" failures="0" tests="3" name="Z_90_testNG.me_05_depend_on_method_keyword" time="0.011" errors="0" timestamp="2024-04-26T15:47:43 IST" skipped="0">
  <testcase classname="Z_90_testNG.me_05_depend_on_method_keyword" name="myaccount" time="0.002"/>
  <testcase classname="Z_90_testNG.me_05_depend_on_method_keyword" name="login" time="0.008"/>
  <testcase classname="Z_90_testNG.me_05_depend_on_method_keyword" name="logout" time="0.001"/>
</testsuite> <!-- Z_90_testNG.me_05_depend_on_method_keyword -->
