<?xml version="1.0" encoding="UTF-8"?>
<!-- Generated by org.testng.reporters.JUnitReportReporter -->
<testsuite hostname="DESKTOP-SJ1BRTJ" failures="0" tests="5" name="Z_99_practice.X_28_different_annotation" time="0.019" errors="0" timestamp="2024-04-26T16:10:27 IST" skipped="2">
  <testcase classname="Z_99_practice.X_28_different_annotation" name="testc" time="0.001"/>
  <testcase classname="Z_99_practice.X_28_different_annotation" name="testc" time="0.015"/>
  <testcase classname="Z_99_practice.X_28_different_annotation" name="testc" time="0.003"/>
  <testcase classname="Z_99_practice.X_28_different_annotation" name="testb">
    <skipped/>
  </testcase> <!-- testb -->
  <testcase classname="Z_99_practice.X_28_different_annotation" name="testA">
    <skipped/>
  </testcase> <!-- testA -->
</testsuite> <!-- Z_99_practice.X_28_different_annotation -->
