<?xml version="1.0" encoding="UTF-8"?>
<!-- Generated by org.testng.reporters.JUnitReportReporter -->
<testsuite hostname="DESKTOP-SJ1BRTJ" failures="0" tests="4" name="Z_90_testNG.me_01_first" time="0.014" errors="0" timestamp="2024-04-26T14:49:42 IST" skipped="0">
  <testcase classname="Z_90_testNG.me_01_first" name="testB" time="0.002"/>
  <testcase classname="Z_90_testNG.me_01_first" name="testD" time="0.001"/>
  <testcase classname="Z_90_testNG.me_01_first" name="testA" time="0.007"/>
  <testcase classname="Z_90_testNG.me_01_first" name="testC" time="0.004"/>
</testsuite> <!-- Z_90_testNG.me_01_first -->
