<?xml version="1.0" encoding="UTF-8"?>
<!-- Generated by org.testng.reporters.JUnitReportReporter -->
<testsuite hostname="DESKTOP-SJ1BRTJ" failures="0" tests="1" name="Z_98_practice_action_class.X_04_sendkeys" time="13.403" errors="0" timestamp="2024-01-08T21:42:03 IST" skipped="0">
  <testcase classname="Z_98_practice_action_class.X_04_sendkeys" name="test" time="13.403"/>
</testsuite> <!-- Z_98_practice_action_class.X_04_sendkeys -->
