<?xml version="1.0" encoding="UTF-8"?>
<!-- Generated by org.testng.reporters.JUnitReportReporter -->
<testsuite hostname="DESKTOP-SJ1BRTJ" failures="0" tests="2" name="Z_A_05_parallel_testing.X_01_paralll_testing" time="11.030" errors="0" timestamp="2024-02-16T07:02:19 IST" skipped="0">
  <testcase classname="Z_A_05_parallel_testing.X_01_paralll_testing" name="method2" time="5.494"/>
  <testcase classname="Z_A_05_parallel_testing.X_01_paralll_testing" name="method1" time="5.536"/>
</testsuite> <!-- Z_A_05_parallel_testing.X_01_paralll_testing -->
