<?xml version="1.0" encoding="UTF-8"?>
<!-- Generated by org.testng.reporters.JUnitReportReporter -->
<testsuite hostname="DESKTOP-SJ1BRTJ" failures="0" tests="1" name="Z_A_08_screenshots.X_02_section_screenshot" time="5.950" errors="0" timestamp="2024-03-07T18:43:25 IST" skipped="0">
  <testcase classname="Z_A_08_screenshots.X_02_section_screenshot" name="testTakeScreenshot" time="5.950"/>
</testsuite> <!-- Z_A_08_screenshots.X_02_section_screenshot -->
