<?xml version="1.0" encoding="UTF-8"?>
<!-- Generated by org.testng.reporters.JUnitReportReporter -->
<testsuite hostname="DESKTOP-SJ1BRTJ" failures="0" tests="1" name="Z_96_practice_waits.X_03_fluentWait" time="10.331" errors="0" timestamp="2024-01-16T23:06:53 IST" skipped="0">
  <testcase classname="Z_96_practice_waits.X_03_fluentWait" name="test" time="10.331"/>
</testsuite> <!-- Z_96_practice_waits.X_03_fluentWait -->
