<?xml version="1.0" encoding="UTF-8"?>
<!-- Generated by org.testng.reporters.JUnitReportReporter -->
<testsuite hostname="DESKTOP-SJ1BRTJ" failures="0" tests="1" name="Z_98_practice_action_class.X_06_customized_list_box" time="14.089" errors="0" timestamp="2024-01-10T22:52:20 IST" skipped="0">
  <testcase classname="Z_98_practice_action_class.X_06_customized_list_box" name="cutomized_list_box" time="14.089"/>
</testsuite> <!-- Z_98_practice_action_class.X_06_customized_list_box -->
