<?xml version="1.0" encoding="UTF-8"?>
<!-- Generated by org.testng.reporters.JUnitReportReporter -->
<testsuite hostname="DESKTOP-SJ1BRTJ" failures="0" tests="1" name="Z_A_03_handling_browser_window.X_01_browser_window_handling" time="8.519" errors="0" timestamp="2024-02-14T07:14:33 IST" skipped="0">
  <testcase classname="Z_A_03_handling_browser_window.X_01_browser_window_handling" name="browser_window_handle" time="8.519"/>
</testsuite> <!-- Z_A_03_handling_browser_window.X_01_browser_window_handling -->
