<?xml version="1.0" encoding="UTF-8"?>
<!-- Generated by org.testng.reporters.JUnitReportReporter -->
<testsuite hostname="DESKTOP-SJ1BRTJ" failures="0" tests="1" name="Z_A_P_12_testng.parameter" time="0.008" errors="0" timestamp="2024-03-08T16:17:46 IST" skipped="0">
  <testcase classname="Z_A_P_12_testng.parameter" name="f" time="0.008"/>
</testsuite> <!-- Z_A_P_12_testng.parameter -->
