<?xml version="1.0" encoding="UTF-8"?>
<!-- Generated by org.testng.reporters.JUnitReportReporter -->
<testsuite hostname="DESKTOP-SJ1BRTJ" failures="0" tests="1" name="Z_98_practice_action_class.X_03_double_click" time="11.272" errors="0" timestamp="2024-01-07T19:31:06 IST" skipped="0">
  <testcase classname="Z_98_practice_action_class.X_03_double_click" name="test" time="11.272"/>
</testsuite> <!-- Z_98_practice_action_class.X_03_double_click -->
