<?xml version="1.0" encoding="UTF-8"?>
<!-- Generated by org.testng.reporters.JUnitReportReporter -->
<testsuite hostname="DESKTOP-SJ1BRTJ" failures="0" tests="1" name="Z_98_practice_action_class.X_05_keyboard_keys" time="16.627" errors="0" timestamp="2024-01-08T22:19:02 IST" skipped="0">
  <testcase classname="Z_98_practice_action_class.X_05_keyboard_keys" name="test" time="16.627"/>
</testsuite> <!-- Z_98_practice_action_class.X_05_keyboard_keys -->
