<?xml version="1.0" encoding="UTF-8"?>
<!-- Generated by org.testng.reporters.JUnitReportReporter -->
<testsuite hostname="LAPTOP-QKC7DO6F" failures="0" tests="2" name="Z_90_testNG.me_10_practice" time="0.248" errors="0" timestamp="2023-03-06T23:37:20 IST" skipped="0">
  <testcase classname="Z_90_testNG.me_10_practice" name="logotest" time="0.063"/>
  <system-out/>
  <testcase classname="Z_90_testNG.me_10_practice" name="tryit" time="0.185"/>
  <system-out/>
</testsuite> <!-- Z_90_testNG.me_10_practice -->
