<?xml version="1.0" encoding="UTF-8"?>
<!-- Generated by org.testng.reporters.JUnitReportReporter -->
<testsuite hostname="DESKTOP-SJ1BRTJ" failures="0" tests="1" name="Z_A_01_javascript_executor.X_02_scroll_tll_particular_element" time="8.218" errors="0" timestamp="2024-01-30T23:44:45 IST" skipped="0">
  <testcase classname="Z_A_01_javascript_executor.X_02_scroll_tll_particular_element" name="scrollTillParticularElement" time="8.218"/>
</testsuite> <!-- Z_A_01_javascript_executor.X_02_scroll_tll_particular_element -->
