<?xml version="1.0" encoding="UTF-8"?>
<!-- Generated by org.testng.reporters.JUnitReportReporter -->
<testsuite hostname="DESKTOP-SJ1BRTJ" failures="0" tests="1" name="Z_A_08_screenshots.X_04_screenshot" time="10.155" errors="0" timestamp="2024-03-25T15:45:29 IST" skipped="0">
  <testcase classname="Z_A_08_screenshots.X_04_screenshot" name="screenshot" time="10.155"/>
</testsuite> <!-- Z_A_08_screenshots.X_04_screenshot -->
