<?xml version="1.0" encoding="UTF-8"?>
<!-- Generated by org.testng.reporters.JUnitReportReporter -->
<testsuite hostname="DESKTOP-SJ1BRTJ" failures="0" tests="1" name="Z_96_practice_waits.X_02_Explicit_wait" time="11.324" errors="0" timestamp="2024-01-16T22:38:25 IST" skipped="0">
  <testcase classname="Z_96_practice_waits.X_02_Explicit_wait" name="test" time="11.324"/>
</testsuite> <!-- Z_96_practice_waits.X_02_Explicit_wait -->
