<?xml version="1.0" encoding="UTF-8"?>
<!-- Generated by org.testng.reporters.JUnitReportReporter -->
<testsuite hostname="DESKTOP-SJ1BRTJ" failures="0" tests="1" name="Z_A_04_webelement_operation.X_01_Webelement_operation" time="6.349" errors="0" timestamp="2024-02-14T07:34:32 IST" skipped="0">
  <testcase classname="Z_A_04_webelement_operation.X_01_Webelement_operation" name="test" time="6.349"/>
</testsuite> <!-- Z_A_04_webelement_operation.X_01_Webelement_operation -->
